[2021-10-18 16:22:27] No settings files found: C:/Users/Liam/Downloads/mindustry server/config/settings.bin and C:/Users/Liam/Downloads/mindustry server/config/settings_backup.bin
[2021-10-18 16:22:28] Saving 2 values; 44 bytes
[2021-10-18 16:23:36] Loaded 2 values
[2021-10-18 16:23:36] Backed up config/settings.bin to config/settings_backup.bin (44 bytes)
[2021-10-18 16:23:38] Saving 2 values; 44 bytes
[2021-10-18 16:24:01] Loaded 2 values
[2021-10-18 16:24:01] Backed up config/settings.bin to config/settings_backup.bin (44 bytes)
[2021-10-18 16:24:03] Saving 2 values; 44 bytes
[2021-10-18 16:25:03] Saving 2 values; 44 bytes
[2021-10-18 16:26:03] Saving 2 values; 44 bytes
[2021-10-18 16:26:06] Loaded 2 values
[2021-10-18 16:26:06] Backed up config/settings.bin to config/settings_backup.bin (44 bytes)
[2021-10-18 16:26:08] Saving 2 values; 44 bytes
[2021-10-18 16:27:03] Loaded 2 values
[2021-10-18 16:27:03] Backed up config/settings.bin to config/settings_backup.bin (44 bytes)
[2021-10-18 16:27:05] Saving 2 values; 44 bytes
[2021-10-18 16:28:18] Loaded 2 values
[2021-10-18 16:28:18] Backed up config/settings.bin to config/settings_backup.bin (44 bytes)
[2021-10-18 16:28:20] Saving 2 values; 44 bytes
[2021-10-18 16:29:20] Saving 2 values; 44 bytes
[2021-10-18 16:30:39] Loaded 2 values
[2021-10-18 16:30:39] Backed up config/settings.bin to config/settings_backup.bin (44 bytes)
[2021-10-18 16:30:41] Saving 2 values; 44 bytes
[2021-10-18 16:30:41] Saving 3 values; 71 bytes
[2021-10-18 16:30:42] Saving 3 values; 71 bytes
[2021-10-18 16:33:01] Loaded 3 values
[2021-10-18 16:33:01] Backed up config/settings.bin to config/settings_backup.bin (71 bytes)
[2021-10-18 16:33:04] Saving 3 values; 71 bytes
[2021-10-18 16:33:04] Saving 3 values; 71 bytes
[2021-10-18 16:33:04] Saving 3 values; 71 bytes
[2021-10-18 16:34:03] Saving 3 values; 71 bytes
[2021-10-18 16:35:03] Saving 3 values; 71 bytes
[2021-10-18 16:36:42] Loaded 3 values
[2021-10-18 16:36:42] Backed up config/settings.bin to config/settings_backup.bin (71 bytes)
[2021-10-18 16:36:44] Saving 3 values; 71 bytes
[2021-10-18 16:36:46] Saving 3 values; 71 bytes
[2021-10-18 16:36:46] Saving 3 values; 71 bytes
[2021-10-18 16:36:50] Saving 3 values; 71 bytes
[2021-10-18 16:37:28] Loaded 3 values
[2021-10-18 16:37:28] Backed up config/settings.bin to config/settings_backup.bin (71 bytes)
[2021-10-18 16:37:31] Saving 3 values; 71 bytes
[2021-10-18 16:37:31] Saving 3 values; 71 bytes
[2021-10-18 16:37:32] Saving 3 values; 71 bytes
[2021-10-18 16:37:44] Saving 3 values; 71 bytes
[2021-10-18 16:38:02] Loaded 3 values
[2021-10-18 16:38:02] Backed up config/settings.bin to config/settings_backup.bin (71 bytes)
[2021-10-18 16:38:04] Saving 3 values; 71 bytes
[2021-10-18 16:38:05] Saving 3 values; 71 bytes
[2021-10-18 16:38:05] Saving 3 values; 71 bytes
[2021-10-18 16:38:06] Saving 3 values; 71 bytes
[2021-10-18 16:38:31] Saving 3 values; 71 bytes
[2021-10-18 16:38:44] Saving 3 values; 71 bytes
[2021-10-18 16:38:55] Loaded 3 values
[2021-10-18 16:38:55] Backed up config/settings.bin to config/settings_backup.bin (71 bytes)
[2021-10-18 16:38:58] Saving 3 values; 71 bytes
[2021-10-18 16:38:59] Saving 3 values; 71 bytes
[2021-10-18 16:38:59] Saving 3 values; 71 bytes
[2021-10-18 16:39:03] Saving 3 values; 71 bytes
[2021-10-18 16:39:58] Saving 3 values; 71 bytes
[2021-10-18 16:40:07] Loaded 3 values
[2021-10-18 16:40:07] Backed up config/settings.bin to config/settings_backup.bin (71 bytes)
[2021-10-18 16:40:09] Saving 3 values; 71 bytes
[2021-10-18 16:40:09] Saving 3 values; 71 bytes
[2021-10-18 16:40:09] Saving 3 values; 71 bytes
[2021-10-18 16:40:11] Saving 3 values; 71 bytes
[2021-10-18 17:18:03] Loaded 3 values
[2021-10-18 17:18:03] Backed up config/settings.bin to config/settings_backup.bin (71 bytes)
[2021-10-18 17:18:08] Saving 3 values; 71 bytes
[2021-10-18 17:18:39] Saving 3 values; 71 bytes
[2021-10-18 17:18:39] Saving 3 values; 71 bytes
[2021-10-18 17:18:51] Saving 3 values; 71 bytes
[2021-10-18 17:19:08] Saving 7 values; 260 bytes
[2021-10-18 17:20:08] Saving 7 values; 260 bytes
[2021-10-18 17:20:59] Loaded 7 values
[2021-10-18 17:20:59] Backed up config/settings.bin to config/settings_backup.bin (260 bytes)
[2021-10-18 17:21:05] Saving 7 values; 260 bytes
[2021-10-18 17:21:05] Saving 7 values; 260 bytes
[2021-10-18 17:21:08] Saving 7 values; 260 bytes
[2021-10-18 17:21:20] Loaded 7 values
[2021-10-18 17:21:20] Backed up config/settings.bin to config/settings_backup.bin (260 bytes)
[2021-10-18 17:21:24] Saving 7 values; 260 bytes
[2021-10-18 17:21:24] Saving 7 values; 260 bytes
[2021-10-18 17:21:27] Saving 7 values; 260 bytes
[2021-10-18 17:21:47] Loaded 7 values
[2021-10-18 17:21:47] Backed up config/settings.bin to config/settings_backup.bin (260 bytes)
[2021-10-18 17:21:52] Saving 7 values; 260 bytes
[2021-10-18 17:21:58] Saving 7 values; 260 bytes
[2021-10-18 17:21:58] Saving 7 values; 260 bytes
[2021-10-18 17:22:00] Saving 7 values; 260 bytes
[2021-10-18 17:22:27] Loaded 7 values
[2021-10-18 17:22:27] Backed up config/settings.bin to config/settings_backup.bin (260 bytes)
[2021-10-18 17:22:31] Saving 7 values; 260 bytes
[2021-10-18 17:22:41] Saving 7 values; 260 bytes
[2021-10-18 17:22:41] Saving 7 values; 260 bytes
[2021-10-18 17:22:44] Saving 7 values; 260 bytes
[2021-10-18 17:23:00] Loaded 7 values
[2021-10-18 17:23:00] Backed up config/settings.bin to config/settings_backup.bin (260 bytes)
[2021-10-18 17:23:05] Saving 7 values; 260 bytes
[2021-10-18 17:23:05] Saving 7 values; 260 bytes
[2021-10-18 17:23:07] Saving 7 values; 260 bytes
[2021-10-18 17:24:05] Saving 7 values; 260 bytes
[2021-10-18 17:24:26] Loaded 7 values
[2021-10-18 17:24:26] Backed up config/settings.bin to config/settings_backup.bin (260 bytes)
[2021-10-18 17:24:31] Saving 7 values; 260 bytes
[2021-10-18 17:24:45] Saving 7 values; 260 bytes
[2021-10-18 17:24:45] Saving 7 values; 260 bytes
[2021-10-18 17:24:48] Saving 7 values; 260 bytes
[2021-10-18 17:25:30] Saving 7 values; 260 bytes
[2021-10-18 17:26:30] Saving 7 values; 260 bytes
[2021-10-18 17:27:30] Saving 7 values; 260 bytes
[2021-10-18 17:28:30] Saving 7 values; 260 bytes
[2021-10-18 17:29:30] Saving 7 values; 260 bytes
[2021-10-18 17:30:30] Saving 7 values; 260 bytes
[2021-10-18 17:31:30] Saving 7 values; 260 bytes
[2021-10-18 17:32:30] Saving 7 values; 260 bytes
[2021-10-18 17:33:30] Saving 7 values; 260 bytes
[2021-10-18 17:34:30] Saving 7 values; 260 bytes
[2021-10-18 17:35:30] Saving 7 values; 260 bytes
[2021-11-10 16:00:54] Loaded 7 values
[2021-11-10 16:00:54] Backed up config/settings.bin to config/settings_backup.bin (260 bytes)
[2021-11-10 16:00:57] Saving 7 values; 260 bytes
[2021-11-10 16:01:04] Saving 7 values; 260 bytes
[2021-11-10 16:01:04] Saving 7 values; 260 bytes
[2021-11-10 16:01:05] Saving 7 values; 260 bytes
[2021-11-10 16:01:56] Loaded 7 values
[2021-11-10 16:01:56] Backed up config/settings.bin to config/settings_backup.bin (260 bytes)
[2021-11-10 16:01:58] Saving 7 values; 260 bytes
[2021-11-10 16:02:58] Saving 7 values; 260 bytes
[2021-11-10 16:03:02] Saving 7 values; 260 bytes
[2021-11-10 16:03:02] Saving 7 values; 260 bytes
[2021-11-10 16:03:04] Saving 7 values; 260 bytes
[2021-11-10 16:03:58] Saving 7 values; 260 bytes
[2021-11-10 16:04:58] Saving 7 values; 260 bytes
[2021-11-10 16:05:58] Saving 7 values; 260 bytes
[2021-11-10 16:06:58] Saving 7 values; 260 bytes
[2021-11-10 16:07:58] Saving 7 values; 260 bytes
[2021-11-10 16:08:58] Saving 7 values; 260 bytes
[2021-11-10 16:09:28] Saving 7 values; 260 bytes
[2021-11-10 16:09:28] Saving 7 values; 260 bytes
[2021-11-10 16:09:29] Saving 7 values; 260 bytes
[2021-11-10 16:09:58] Saving 7 values; 260 bytes
[2021-11-10 16:10:58] Saving 7 values; 260 bytes
[2021-11-10 16:11:57] Loaded 7 values
[2021-11-10 16:11:57] Backed up config/settings.bin to config/settings_backup.bin (260 bytes)
[2021-11-10 16:12:01] Saving 7 values; 260 bytes
[2021-11-10 16:12:01] Saving 7 values; 260 bytes
[2021-11-10 16:12:01] Saving 7 values; 260 bytes
[2021-11-10 16:12:03] Saving 7 values; 260 bytes
[2021-11-10 16:13:42] Loaded 7 values
[2021-11-10 16:13:42] Backed up config/settings.bin to config/settings_backup.bin (260 bytes)
[2021-11-10 16:13:46] Saving 7 values; 260 bytes
[2021-11-10 16:13:46] Saving 7 values; 260 bytes
[2021-11-10 16:13:47] Saving 7 values; 260 bytes
[2021-11-10 16:14:08] Loaded 7 values
[2021-11-10 16:14:08] Backed up config/settings.bin to config/settings_backup.bin (260 bytes)
[2021-11-10 16:14:12] Saving 7 values; 260 bytes
[2021-11-10 16:14:12] Saving 7 values; 260 bytes
[2021-11-10 16:14:12] Saving 7 values; 260 bytes
[2021-11-10 16:14:14] Saving 7 values; 260 bytes
[2021-11-10 16:14:32] Loaded 7 values
[2021-11-10 16:14:32] Backed up config/settings.bin to config/settings_backup.bin (260 bytes)
[2021-11-10 16:14:37] Saving 7 values; 260 bytes
[2021-11-10 16:14:37] Saving 7 values; 260 bytes
[2021-11-10 16:14:42] Saving 7 values; 260 bytes
[2021-11-10 16:14:46] Saving 7 values; 260 bytes
[2021-11-10 16:15:12] Saving 7 values; 260 bytes
[2021-11-10 16:15:37] Saving 7 values; 260 bytes
[2021-11-10 16:15:46] Saving 7 values; 260 bytes
[2021-11-10 16:16:12] Saving 7 values; 260 bytes
[2021-11-10 16:16:22] Loaded 7 values
[2021-11-10 16:16:22] Backed up config/settings.bin to config/settings_backup.bin (260 bytes)
[2021-11-10 16:16:44] Loaded 7 values
[2021-11-10 16:16:44] Backed up config/settings.bin to config/settings_backup.bin (260 bytes)
[2021-11-10 16:16:48] Saving 7 values; 260 bytes
[2021-11-10 16:17:05] Saving 7 values; 260 bytes
[2021-11-10 16:17:05] Saving 7 values; 260 bytes
[2021-11-10 16:17:06] Saving 7 values; 260 bytes
[2021-11-10 16:17:22] Loaded 7 values
[2021-11-10 16:17:22] Backed up config/settings.bin to config/settings_backup.bin (260 bytes)
[2021-11-10 16:17:28] Saving 7 values; 260 bytes
[2021-11-10 16:18:06] Loaded 7 values
[2021-11-10 16:18:06] Backed up config/settings.bin to config/settings_backup.bin (260 bytes)
[2021-11-10 16:18:09] Saving 7 values; 260 bytes
[2021-11-10 16:18:09] Saving 7 values; 260 bytes
[2021-11-10 16:18:11] Saving 7 values; 260 bytes
[2021-11-10 16:18:29] Loaded 7 values
[2021-11-10 16:18:29] Backed up config/settings.bin to config/settings_backup.bin (260 bytes)
[2021-11-10 16:18:34] Saving 7 values; 260 bytes
[2021-11-10 16:18:40] Loaded 7 values
[2021-11-10 16:18:40] Backed up config/settings.bin to config/settings_backup.bin (260 bytes)
[2021-11-10 16:18:45] Saving 7 values; 260 bytes
[2021-11-10 16:18:48] Saving 7 values; 260 bytes
[2021-11-10 16:18:48] Saving 7 values; 260 bytes
[2021-11-10 16:18:50] Saving 7 values; 260 bytes
[2021-11-10 16:19:45] Saving 7 values; 260 bytes
[2021-11-10 16:19:52] Loaded 7 values
[2021-11-10 16:19:52] Backed up config/settings.bin to config/settings_backup.bin (260 bytes)
[2021-11-10 16:19:57] Saving 7 values; 260 bytes
[2021-11-10 16:19:57] Saving 7 values; 260 bytes
[2021-11-10 16:19:59] Saving 7 values; 260 bytes
[2021-11-10 16:20:11] Loaded 7 values
[2021-11-10 16:20:11] Backed up config/settings.bin to config/settings_backup.bin (260 bytes)
[2021-11-10 16:20:16] Saving 7 values; 260 bytes
[2021-11-10 16:20:45] Saving 7 values; 260 bytes
[2021-11-10 16:20:57] Saving 7 values; 260 bytes
[2021-11-10 16:21:04] Loaded 7 values
[2021-11-10 16:21:04] Backed up config/settings.bin to config/settings_backup.bin (260 bytes)
[2021-11-10 16:21:09] Saving 7 values; 260 bytes
[2021-11-10 16:21:09] Saving 7 values; 260 bytes
[2021-11-10 16:21:11] Saving 7 values; 260 bytes
[2021-11-10 16:22:08] Loaded 7 values
[2021-11-10 16:22:08] Backed up config/settings.bin to config/settings_backup.bin (260 bytes)
[2021-11-10 16:22:09] Saving 7 values; 260 bytes
[2021-11-10 16:22:14] Saving 7 values; 260 bytes
[2021-11-10 16:22:14] Saving 7 values; 260 bytes
[2021-11-10 16:22:14] Saving 7 values; 260 bytes
[2021-11-10 16:22:17] Saving 7 values; 260 bytes
[2021-11-10 16:22:30] Loaded 7 values
[2021-11-10 16:22:30] Backed up config/settings.bin to config/settings_backup.bin (260 bytes)
[2021-11-10 16:22:35] Saving 7 values; 260 bytes
[2021-11-10 16:22:53] Saving 7 values; 260 bytes
[2021-11-10 16:22:53] Saving 7 values; 260 bytes
[2021-11-10 16:22:55] Saving 7 values; 260 bytes
[2021-11-10 16:23:09] Saving 7 values; 260 bytes
[2021-11-10 16:23:13] Saving 7 values; 260 bytes
[2021-11-10 16:23:34] Saving 7 values; 260 bytes
[2021-11-10 16:23:47] Loaded 7 values
[2021-11-10 16:23:47] Backed up config/settings.bin to config/settings_backup.bin (260 bytes)
[2021-11-10 16:23:53] Saving 7 values; 260 bytes
[2021-11-10 16:23:56] Saving 7 values; 260 bytes
[2021-11-10 16:23:56] Saving 7 values; 260 bytes
[2021-11-10 16:23:59] Saving 7 values; 260 bytes
[2021-11-10 16:24:09] Saving 7 values; 260 bytes
[2021-11-10 16:24:13] Saving 7 values; 260 bytes
[2021-11-10 16:24:35] Saving 7 values; 260 bytes
[2021-11-10 16:24:46] Loaded 7 values
[2021-11-10 16:24:46] Backed up config/settings.bin to config/settings_backup.bin (260 bytes)
[2021-11-10 16:24:50] Saving 7 values; 260 bytes
[2021-11-10 16:24:52] Saving 7 values; 260 bytes
[2021-11-10 16:24:52] Saving 7 values; 260 bytes
[2021-11-10 16:24:53] Saving 7 values; 260 bytes
[2021-11-10 16:25:50] Saving 7 values; 260 bytes
[2021-11-10 16:26:52] Loaded 7 values
[2021-11-10 16:26:52] Backed up config/settings.bin to config/settings_backup.bin (260 bytes)
[2021-11-10 16:26:58] Saving 7 values; 260 bytes
[2021-11-10 16:27:00] Saving 7 values; 260 bytes
[2021-11-10 16:27:00] Saving 7 values; 260 bytes
[2021-11-10 16:27:02] Saving 7 values; 260 bytes
[2021-11-10 16:27:42] Loaded 7 values
[2021-11-10 16:27:42] Backed up config/settings.bin to config/settings_backup.bin (260 bytes)
[2021-11-10 16:27:49] Saving 7 values; 260 bytes
[2021-11-10 16:27:52] Saving 7 values; 260 bytes
[2021-11-10 16:27:52] Saving 7 values; 260 bytes
[2021-11-10 16:27:59] Saving 7 values; 260 bytes
[2021-11-10 16:28:22] Loaded 7 values
[2021-11-10 16:28:22] Backed up config/settings.bin to config/settings_backup.bin (260 bytes)
[2021-11-10 16:28:38] Loaded 7 values
[2021-11-10 16:28:38] Backed up config/settings.bin to config/settings_backup.bin (260 bytes)
[2021-11-10 16:28:42] Saving 7 values; 260 bytes
[2021-11-10 16:28:44] Saving 7 values; 260 bytes
[2021-11-10 16:28:44] Saving 7 values; 260 bytes
[2021-11-10 16:28:46] Saving 7 values; 260 bytes
[2021-11-10 16:29:15] Loaded 7 values
[2021-11-10 16:29:15] Backed up config/settings.bin to config/settings_backup.bin (260 bytes)
[2021-11-10 16:29:19] Saving 7 values; 260 bytes
[2021-11-10 16:29:20] Saving 7 values; 260 bytes
[2021-11-10 16:29:20] Saving 7 values; 260 bytes
[2021-11-10 16:29:22] Saving 7 values; 260 bytes
[2021-11-10 16:29:41] Loaded 7 values
[2021-11-10 16:29:41] Backed up config/settings.bin to config/settings_backup.bin (260 bytes)
[2021-11-10 16:29:46] Saving 7 values; 260 bytes
[2021-11-10 16:29:46] Saving 7 values; 260 bytes
[2021-11-10 16:29:49] Saving 7 values; 260 bytes
[2021-11-10 16:30:18] Loaded 7 values
[2021-11-10 16:30:18] Backed up config/settings.bin to config/settings_backup.bin (260 bytes)
[2021-11-10 16:30:22] Saving 7 values; 260 bytes
[2021-11-10 16:30:24] Saving 7 values; 260 bytes
[2021-11-10 16:30:24] Saving 7 values; 260 bytes
[2021-11-10 16:30:29] Saving 7 values; 260 bytes
[2021-11-10 16:30:43] Loaded 7 values
[2021-11-10 16:30:43] Backed up config/settings.bin to config/settings_backup.bin (260 bytes)
[2021-11-10 16:30:48] Saving 7 values; 260 bytes
[2021-11-10 16:30:58] Saving 7 values; 260 bytes
[2021-11-10 16:30:58] Saving 7 values; 260 bytes
[2021-11-10 16:30:59] Saving 7 values; 260 bytes
[2021-11-10 16:31:33] Loaded 7 values
[2021-11-10 16:31:33] Backed up config/settings.bin to config/settings_backup.bin (260 bytes)
[2021-11-10 16:31:45] Loaded 7 values
[2021-11-10 16:31:45] Backed up config/settings.bin to config/settings_backup.bin (260 bytes)
[2021-11-10 16:31:51] Saving 7 values; 260 bytes
[2021-11-10 16:31:51] Saving 7 values; 260 bytes
[2021-11-10 16:31:51] Saving 7 values; 260 bytes
[2021-11-10 16:31:54] Saving 7 values; 260 bytes
[2021-11-10 16:32:21] Loaded 7 values
[2021-11-10 16:32:21] Backed up config/settings.bin to config/settings_backup.bin (260 bytes)
[2021-11-10 16:32:26] Saving 7 values; 260 bytes
[2021-11-10 16:32:26] Saving 7 values; 260 bytes
[2021-11-10 16:32:28] Saving 7 values; 260 bytes
[2021-11-10 16:32:49] Loaded 7 values
[2021-11-10 16:32:49] Backed up config/settings.bin to config/settings_backup.bin (260 bytes)
[2021-11-10 16:32:54] Saving 7 values; 260 bytes
[2021-11-10 16:32:56] Saving 7 values; 260 bytes
[2021-11-10 16:32:56] Saving 7 values; 260 bytes
[2021-11-10 16:32:58] Saving 7 values; 260 bytes
[2021-11-10 16:34:01] Loaded 7 values
[2021-11-10 16:34:01] Backed up config/settings.bin to config/settings_backup.bin (260 bytes)
[2021-11-10 16:34:09] Saving 7 values; 260 bytes
[2021-11-10 16:34:11] Saving 7 values; 260 bytes
[2021-11-10 16:34:11] Saving 7 values; 260 bytes
[2021-11-10 16:34:14] Saving 7 values; 260 bytes
[2021-11-10 16:35:15] Loaded 7 values
[2021-11-10 16:35:15] Backed up config/settings.bin to config/settings_backup.bin (260 bytes)
[2021-11-10 16:35:23] Saving 7 values; 260 bytes
[2021-11-10 16:35:23] Saving 7 values; 260 bytes
[2021-11-10 16:35:28] Saving 7 values; 260 bytes
[2021-11-10 16:36:22] Saving 7 values; 260 bytes
[2021-11-10 16:36:49] Loaded 7 values
[2021-11-10 16:36:49] Backed up config/settings.bin to config/settings_backup.bin (260 bytes)
[2021-11-10 16:36:54] Saving 7 values; 260 bytes
[2021-11-10 16:36:54] Saving 7 values; 260 bytes
[2021-11-10 16:36:54] Saving 7 values; 260 bytes
[2021-11-10 16:36:56] Saving 7 values; 260 bytes
[2021-11-10 16:37:24] Loaded 7 values
[2021-11-10 16:37:24] Backed up config/settings.bin to config/settings_backup.bin (260 bytes)
[2021-11-10 16:37:29] Saving 7 values; 260 bytes
[2021-11-10 16:37:31] Saving 7 values; 260 bytes
[2021-11-10 16:37:31] Saving 7 values; 260 bytes
[2021-11-10 16:37:33] Saving 7 values; 260 bytes
[2021-11-10 16:38:29] Saving 7 values; 260 bytes
[2021-11-10 16:53:19] Loaded 7 values
[2021-11-10 16:53:19] Backed up config/settings.bin to config/settings_backup.bin (260 bytes)
[2021-11-11 15:22:59] Loaded 7 values
[2021-11-11 15:22:59] Backed up config/settings.bin to config/settings_backup.bin (260 bytes)
[2021-11-11 15:23:02] Saving 7 values; 260 bytes
[2021-11-11 15:23:26] Loaded 7 values
[2021-11-11 15:23:26] Backed up config/settings.bin to config/settings_backup.bin (260 bytes)
[2021-11-11 15:23:29] Saving 7 values; 260 bytes
[2021-11-11 15:23:33] Saving 7 values; 260 bytes
[2021-11-11 15:23:33] Saving 7 values; 260 bytes
[2021-11-11 15:23:34] Saving 7 values; 260 bytes
[2021-11-11 15:24:23] Loaded 7 values
[2021-11-11 15:24:23] Backed up config/settings.bin to config/settings_backup.bin (260 bytes)
[2021-11-11 15:24:26] Saving 7 values; 260 bytes
[2021-11-11 15:24:28] Saving 7 values; 260 bytes
[2021-11-11 15:24:28] Saving 7 values; 260 bytes
[2021-11-11 15:24:30] Saving 7 values; 260 bytes
[2021-11-11 15:25:26] Saving 7 values; 260 bytes
[2021-11-11 15:26:26] Saving 7 values; 260 bytes
[2021-11-11 15:27:06] Loaded 7 values
[2021-11-11 15:27:06] Backed up config/settings.bin to config/settings_backup.bin (260 bytes)
[2021-11-11 15:27:09] Saving 7 values; 260 bytes
[2021-11-11 15:27:12] Saving 7 values; 260 bytes
[2021-11-11 15:27:12] Saving 7 values; 260 bytes
[2021-11-11 15:27:13] Saving 7 values; 260 bytes
[2021-11-11 15:27:31] Saving 459 values; 14200 bytes
[2021-11-11 15:27:34] Saving 459 values; 14200 bytes
[2021-11-11 15:27:34] Saving 459 values; 14200 bytes
[2021-11-11 15:28:09] Saving 459 values; 14200 bytes
[2021-11-11 15:29:09] Saving 459 values; 14200 bytes
[2021-11-11 15:29:36] Loaded 459 values
[2021-11-11 15:29:36] Backed up config/settings.bin to config/settings_backup.bin (14200 bytes)
[2021-11-11 15:29:38] Saving 459 values; 14200 bytes
[2021-11-11 15:29:38] Saving 459 values; 14200 bytes
[2021-11-11 15:29:44] Saving 459 values; 14200 bytes
[2021-11-11 15:30:03] Loaded 459 values
[2021-11-11 15:30:03] Backed up config/settings.bin to config/settings_backup.bin (14200 bytes)
[2021-11-11 15:30:06] Saving 459 values; 14200 bytes
[2021-11-11 15:30:07] Saving 459 values; 14200 bytes
[2021-11-11 15:30:07] Saving 459 values; 14200 bytes
[2021-11-11 15:30:09] Saving 459 values; 14200 bytes
[2021-11-11 15:31:03] Loaded 459 values
[2021-11-11 15:31:03] Backed up config/settings.bin to config/settings_backup.bin (14200 bytes)
[2021-11-11 15:31:07] Saving 459 values; 14200 bytes
[2021-11-11 15:31:07] Saving 459 values; 14200 bytes
[2021-11-11 15:31:18] Loaded 459 values
[2021-11-11 15:31:18] Backed up config/settings.bin to config/settings_backup.bin (14200 bytes)
[2021-11-11 15:31:20] Saving 459 values; 14200 bytes
[2021-11-11 15:31:20] Saving 459 values; 14200 bytes
[2021-11-11 15:31:21] Saving 459 values; 14200 bytes
[2021-11-11 15:33:07] Loaded 459 values
[2021-11-11 15:33:07] Backed up config/settings.bin to config/settings_backup.bin (14200 bytes)
[2021-11-11 15:33:10] Saving 459 values; 14200 bytes
[2021-11-11 15:33:10] Saving 459 values; 14200 bytes
[2021-11-11 15:33:12] Saving 459 values; 14200 bytes
[2021-11-11 15:33:22] Loaded 459 values
[2021-11-11 15:33:22] Backed up config/settings.bin to config/settings_backup.bin (14200 bytes)
[2021-11-11 15:33:24] Saving 459 values; 14200 bytes
[2021-11-11 15:33:24] Saving 459 values; 14200 bytes
[2021-11-11 15:33:26] Saving 459 values; 14200 bytes
[2021-11-11 15:33:49] Loaded 459 values
[2021-11-11 15:33:49] Backed up config/settings.bin to config/settings_backup.bin (14200 bytes)
[2021-11-11 15:33:53] Saving 459 values; 14200 bytes
[2021-11-11 15:33:53] Saving 459 values; 14200 bytes
[2021-11-11 15:33:55] Saving 459 values; 14200 bytes
[2021-11-11 15:34:25] Loaded 459 values
[2021-11-11 15:34:25] Backed up config/settings.bin to config/settings_backup.bin (14200 bytes)
[2021-11-11 15:34:28] Saving 459 values; 14200 bytes
[2021-11-11 15:34:28] Saving 459 values; 14200 bytes
[2021-11-11 15:34:28] Saving 459 values; 14200 bytes
[2021-11-11 15:34:29] Saving 459 values; 14200 bytes
[2021-11-11 15:34:52] Loaded 459 values
[2021-11-11 15:34:52] Backed up config/settings.bin to config/settings_backup.bin (14200 bytes)
[2021-11-11 15:34:55] Saving 459 values; 14200 bytes
[2021-11-11 15:34:55] Saving 459 values; 14200 bytes
[2021-11-11 15:34:56] Saving 459 values; 14200 bytes
[2021-11-11 15:35:48] Loaded 459 values
[2021-11-11 15:35:48] Backed up config/settings.bin to config/settings_backup.bin (14200 bytes)
[2021-11-11 15:35:55] Loaded 459 values
[2021-11-11 15:35:55] Backed up config/settings.bin to config/settings_backup.bin (14200 bytes)
[2021-11-11 15:35:58] Saving 459 values; 14200 bytes
[2021-11-11 15:35:58] Saving 459 values; 14200 bytes
[2021-11-11 15:36:02] Saving 459 values; 14200 bytes
[2021-11-11 15:37:50] Loaded 459 values
[2021-11-11 15:37:50] Backed up config/settings.bin to config/settings_backup.bin (14200 bytes)
[2021-11-11 15:37:54] Saving 459 values; 14200 bytes
[2021-11-11 15:37:54] Saving 459 values; 14200 bytes
[2021-11-11 15:37:56] Saving 459 values; 14200 bytes
[2021-11-11 15:40:27] Loaded 459 values
[2021-11-11 15:40:27] Backed up config/settings.bin to config/settings_backup.bin (14200 bytes)
[2021-11-11 15:40:32] Saving 459 values; 14200 bytes
[2021-11-11 15:40:32] Saving 459 values; 14200 bytes
[2021-11-11 15:40:33] Saving 459 values; 14200 bytes
[2021-11-11 15:41:18] Loaded 459 values
[2021-11-11 15:41:18] Backed up config/settings.bin to config/settings_backup.bin (14200 bytes)
[2021-11-11 15:41:24] Saving 459 values; 14200 bytes
[2021-11-11 15:41:24] Saving 459 values; 14200 bytes
[2021-11-11 15:41:25] Saving 459 values; 14200 bytes
[2021-11-11 15:41:49] Saving 459 values; 14200 bytes
[2021-11-11 15:41:49] Saving 459 values; 14200 bytes
[2021-11-11 15:41:52] Saving 459 values; 14200 bytes
[2021-11-11 15:43:12] Loaded 459 values
[2021-11-11 15:43:12] Backed up config/settings.bin to config/settings_backup.bin (14200 bytes)
[2021-11-11 15:43:16] Saving 459 values; 14200 bytes
[2021-11-11 15:43:21] Saving 459 values; 14200 bytes
[2021-11-11 15:43:21] Saving 459 values; 14200 bytes
[2021-11-11 15:43:24] Saving 459 values; 14200 bytes
[2021-11-11 15:44:14] Loaded 459 values
[2021-11-11 15:44:14] Backed up config/settings.bin to config/settings_backup.bin (14200 bytes)
[2021-11-11 15:44:19] Saving 459 values; 14200 bytes
[2021-11-11 15:44:19] Saving 459 values; 14200 bytes
[2021-11-11 15:44:21] Saving 459 values; 14200 bytes
[2021-11-11 15:47:27] Loaded 459 values
[2021-11-11 15:47:27] Backed up config/settings.bin to config/settings_backup.bin (14200 bytes)
[2021-11-11 15:47:31] Saving 459 values; 14200 bytes
[2021-11-11 15:47:31] Saving 459 values; 14200 bytes
[2021-11-11 15:47:31] Saving 459 values; 14200 bytes
[2021-11-11 15:47:34] Saving 459 values; 14200 bytes
[2021-11-11 15:48:46] Loaded 459 values
[2021-11-11 15:48:46] Backed up config/settings.bin to config/settings_backup.bin (14200 bytes)
[2021-11-11 15:49:05] Loaded 459 values
[2021-11-11 15:49:05] Backed up config/settings.bin to config/settings_backup.bin (14200 bytes)
[2021-11-11 15:49:10] Saving 459 values; 14200 bytes
[2021-11-11 15:49:14] Saving 459 values; 14200 bytes
[2021-11-11 15:49:14] Saving 459 values; 14200 bytes
[2021-11-11 15:49:16] Saving 459 values; 14200 bytes
[2021-11-11 15:49:32] Loaded 459 values
[2021-11-11 15:49:32] Backed up config/settings.bin to config/settings_backup.bin (14200 bytes)
[2021-11-11 15:49:37] Saving 459 values; 14200 bytes
[2021-11-11 15:49:37] Saving 459 values; 14200 bytes
[2021-11-11 15:49:39] Saving 459 values; 14200 bytes
[2021-11-11 15:51:06] Loaded 459 values
[2021-11-11 15:51:06] Backed up config/settings.bin to config/settings_backup.bin (14200 bytes)
[2021-11-11 15:51:12] Saving 459 values; 14200 bytes
[2021-11-11 15:51:13] Saving 459 values; 14200 bytes
[2021-11-11 15:51:13] Saving 459 values; 14200 bytes
[2021-11-11 15:51:15] Saving 459 values; 14200 bytes
[2021-11-11 15:54:27] Loaded 459 values
[2021-11-11 15:54:27] Backed up config/settings.bin to config/settings_backup.bin (14200 bytes)
[2021-11-11 15:54:34] Saving 459 values; 14200 bytes
[2021-11-11 15:54:34] Saving 459 values; 14200 bytes
[2021-11-11 15:54:36] Saving 459 values; 14200 bytes
[2021-11-11 15:56:08] Loaded 459 values
[2021-11-11 15:56:08] Backed up config/settings.bin to config/settings_backup.bin (14200 bytes)
[2021-11-11 15:56:11] Saving 459 values; 14200 bytes
[2021-11-11 15:56:14] Saving 459 values; 14200 bytes
[2021-11-11 15:56:14] Saving 459 values; 14200 bytes
[2021-11-11 15:56:17] Saving 459 values; 14200 bytes
[2021-11-11 15:57:11] Saving 459 values; 14200 bytes
[2021-11-11 15:57:51] Loaded 459 values
[2021-11-11 15:57:51] Backed up config/settings.bin to config/settings_backup.bin (14200 bytes)
[2021-11-11 15:57:58] Saving 459 values; 14200 bytes
[2021-11-11 15:58:04] Saving 459 values; 14200 bytes
[2021-11-11 15:58:04] Saving 459 values; 14200 bytes
[2021-11-11 15:58:07] Saving 459 values; 14200 bytes
[2021-11-11 15:58:59] Loaded 459 values
[2021-11-11 15:58:59] Backed up config/settings.bin to config/settings_backup.bin (14200 bytes)
[2021-11-11 15:59:03] Saving 459 values; 14200 bytes
[2021-11-11 15:59:08] Saving 459 values; 14200 bytes
[2021-11-11 15:59:08] Saving 459 values; 14200 bytes
[2021-11-11 15:59:11] Saving 459 values; 14200 bytes
[2021-11-11 16:00:03] Saving 459 values; 14200 bytes
[2021-11-11 16:01:08] Loaded 459 values
[2021-11-11 16:01:08] Backed up config/settings.bin to config/settings_backup.bin (14200 bytes)
[2021-11-11 16:01:15] Saving 459 values; 14200 bytes
[2021-11-11 16:01:17] Saving 459 values; 14200 bytes
[2021-11-11 16:01:17] Saving 459 values; 14200 bytes
[2021-11-11 16:01:19] Saving 459 values; 14200 bytes
[2021-11-11 16:01:54] Loaded 459 values
[2021-11-11 16:01:54] Backed up config/settings.bin to config/settings_backup.bin (14200 bytes)
[2021-11-11 16:01:59] Saving 459 values; 14200 bytes
[2021-11-11 16:01:59] Saving 459 values; 14200 bytes
[2021-11-11 16:02:03] Saving 459 values; 14200 bytes
[2021-11-11 16:02:58] Saving 459 values; 14200 bytes
[2021-11-11 16:03:51] Loaded 459 values
[2021-11-11 16:03:51] Backed up config/settings.bin to config/settings_backup.bin (14200 bytes)
[2021-11-11 16:03:57] Saving 459 values; 14200 bytes
[2021-11-11 16:03:57] Saving 459 values; 14200 bytes
[2021-11-11 16:03:57] Saving 459 values; 14200 bytes
[2021-11-11 16:03:59] Saving 459 values; 14200 bytes
[2021-11-11 16:05:12] Loaded 459 values
[2021-11-11 16:05:12] Backed up config/settings.bin to config/settings_backup.bin (14200 bytes)
[2021-11-11 16:05:16] Saving 459 values; 14200 bytes
[2021-11-11 16:05:25] Saving 459 values; 14200 bytes
[2021-11-11 16:05:25] Saving 459 values; 14200 bytes
[2021-11-11 16:05:28] Saving 459 values; 14200 bytes
[2021-11-11 16:06:03] Saving 459 values; 14200 bytes
[2021-11-11 16:06:03] Saving 459 values; 14200 bytes
[2021-11-11 16:06:05] Saving 459 values; 14200 bytes
[2021-11-11 16:06:16] Saving 459 values; 14200 bytes
[2021-11-11 16:07:16] Saving 459 values; 14200 bytes
[2021-11-11 16:08:16] Saving 459 values; 14200 bytes
[2021-11-11 16:09:16] Saving 459 values; 14200 bytes
[2021-11-11 16:10:16] Saving 459 values; 14200 bytes
[2021-11-11 16:10:46] Loaded 459 values
[2021-11-11 16:10:46] Backed up config/settings.bin to config/settings_backup.bin (14200 bytes)
[2021-11-11 16:10:51] Saving 459 values; 14200 bytes
[2021-11-11 16:11:20] Loaded 459 values
[2021-11-11 16:11:20] Backed up config/settings.bin to config/settings_backup.bin (14200 bytes)
[2021-11-11 16:11:25] Saving 459 values; 14200 bytes
[2021-11-11 16:11:25] Saving 459 values; 14200 bytes
[2021-11-11 16:11:28] Saving 459 values; 14200 bytes
[2021-11-11 16:11:37] Saving 459 values; 14200 bytes
[2021-11-11 16:11:37] Saving 459 values; 14200 bytes
[2021-11-11 16:11:38] Saving 459 values; 14200 bytes
[2021-11-11 16:12:25] Saving 459 values; 14200 bytes
[2021-11-11 16:13:25] Saving 459 values; 14200 bytes
[2021-11-11 16:14:25] Saving 459 values; 14200 bytes
[2021-11-11 16:15:25] Saving 459 values; 14200 bytes
[2021-11-11 16:16:25] Saving 459 values; 14200 bytes
[2021-11-11 16:17:25] Saving 459 values; 14200 bytes
[2021-11-11 16:20:27] Loaded 459 values
[2021-11-11 16:20:27] Backed up config/settings.bin to config/settings_backup.bin (14200 bytes)
[2021-11-11 16:20:34] Saving 459 values; 14200 bytes
[2021-11-11 16:21:01] Loaded 459 values
[2021-11-11 16:21:01] Backed up config/settings.bin to config/settings_backup.bin (14200 bytes)
[2021-11-11 16:21:05] Saving 459 values; 14200 bytes
[2021-11-11 16:22:05] Saving 459 values; 14200 bytes
[2021-11-11 16:23:05] Saving 459 values; 14200 bytes
[2021-11-11 16:23:36] Loaded 459 values
[2021-11-11 16:23:36] Backed up config/settings.bin to config/settings_backup.bin (14200 bytes)
[2021-11-11 16:23:40] Saving 459 values; 14200 bytes
[2021-11-11 16:23:56] Loaded 459 values
[2021-11-11 16:23:56] Backed up config/settings.bin to config/settings_backup.bin (14200 bytes)
[2021-11-11 16:24:02] Saving 459 values; 14200 bytes
[2021-11-11 16:24:09] Loaded 459 values
[2021-11-11 16:24:09] Backed up config/settings.bin to config/settings_backup.bin (14200 bytes)
[2021-11-11 16:30:37] Loaded 459 values
[2021-11-11 16:30:37] Backed up config/settings.bin to config/settings_backup.bin (14200 bytes)
[2021-11-11 16:30:41] Saving 459 values; 14200 bytes
[2021-11-11 16:31:11] Loaded 459 values
[2021-11-11 16:31:11] Backed up config/settings.bin to config/settings_backup.bin (14200 bytes)
[2021-11-11 16:31:13] Saving 459 values; 14200 bytes
[2021-11-11 16:31:40] Loaded 459 values
[2021-11-11 16:31:40] Backed up config/settings.bin to config/settings_backup.bin (14200 bytes)
[2021-11-11 16:31:44] Saving 459 values; 14200 bytes
[2021-11-11 16:32:07] Loaded 459 values
[2021-11-11 16:32:07] Backed up config/settings.bin to config/settings_backup.bin (14200 bytes)
[2021-11-11 16:32:09] Saving 459 values; 14200 bytes
[2021-11-11 16:32:33] Loaded 459 values
[2021-11-11 16:32:33] Backed up config/settings.bin to config/settings_backup.bin (14200 bytes)
[2021-11-11 16:32:38] Loaded 459 values
[2021-11-11 16:32:38] Backed up config/settings.bin to config/settings_backup.bin (14200 bytes)
[2021-11-11 16:32:41] Saving 459 values; 14200 bytes
[2021-11-11 16:32:51] Loaded 459 values
[2021-11-11 16:32:51] Backed up config/settings.bin to config/settings_backup.bin (14200 bytes)
[2021-11-11 16:32:54] Saving 459 values; 14200 bytes
[2021-11-11 16:33:36] Loaded 459 values
[2021-11-11 16:33:36] Backed up config/settings.bin to config/settings_backup.bin (14200 bytes)
[2021-11-11 16:33:39] Saving 459 values; 14200 bytes
[2021-11-11 16:34:38] Loaded 459 values
[2021-11-11 16:34:38] Backed up config/settings.bin to config/settings_backup.bin (14200 bytes)
[2021-11-11 16:34:41] Saving 459 values; 14200 bytes
[2021-11-11 16:35:22] Loaded 459 values
[2021-11-11 16:35:22] Backed up config/settings.bin to config/settings_backup.bin (14200 bytes)
[2021-11-11 16:35:24] Saving 459 values; 14200 bytes
[2021-11-11 16:36:21] Loaded 459 values
[2021-11-11 16:36:21] Backed up config/settings.bin to config/settings_backup.bin (14200 bytes)
[2021-11-11 16:36:24] Saving 459 values; 14200 bytes
[2021-11-11 16:36:48] Loaded 459 values
[2021-11-11 16:36:48] Backed up config/settings.bin to config/settings_backup.bin (14200 bytes)
[2021-11-11 16:36:51] Saving 459 values; 14200 bytes
[2021-11-11 16:37:36] Loaded 459 values
[2021-11-11 16:37:36] Backed up config/settings.bin to config/settings_backup.bin (14200 bytes)
[2021-11-11 16:37:38] Saving 459 values; 14200 bytes
[2021-11-11 16:37:51] Saving 459 values; 14200 bytes
[2021-11-11 16:38:38] Saving 459 values; 14200 bytes
[2021-11-11 16:38:45] Loaded 459 values
[2021-11-11 16:38:45] Backed up config/settings.bin to config/settings_backup.bin (14200 bytes)
[2021-11-11 16:38:48] Saving 459 values; 14200 bytes
[2021-11-11 16:38:51] Saving 459 values; 14200 bytes
[2021-11-11 16:39:10] Loaded 459 values
[2021-11-11 16:39:10] Backed up config/settings.bin to config/settings_backup.bin (14200 bytes)
[2021-11-11 16:39:13] Saving 459 values; 14200 bytes
[2021-11-11 16:39:49] Loaded 459 values
[2021-11-11 16:39:49] Backed up config/settings.bin to config/settings_backup.bin (14200 bytes)
[2021-11-11 16:39:52] Saving 459 values; 14200 bytes
[2021-11-11 16:40:52] Saving 459 values; 14200 bytes
[2021-11-11 16:41:52] Saving 459 values; 14200 bytes
[2021-11-11 16:42:52] Saving 459 values; 14200 bytes
[2021-11-11 16:43:52] Saving 459 values; 14200 bytes
[2021-11-11 16:44:52] Saving 459 values; 14200 bytes
[2021-11-11 16:45:52] Saving 459 values; 14200 bytes
[2021-11-11 16:46:52] Saving 459 values; 14200 bytes
[2021-11-11 16:47:52] Saving 459 values; 14200 bytes
[2021-11-11 16:48:52] Saving 459 values; 14200 bytes
[2021-11-11 16:49:52] Saving 459 values; 14200 bytes
[2021-11-11 16:50:52] Saving 459 values; 14200 bytes
[2021-11-11 16:51:31] Loaded 459 values
[2021-11-11 16:51:31] Backed up config/settings.bin to config/settings_backup.bin (14200 bytes)
[2021-11-11 16:51:34] Saving 459 values; 14200 bytes
[2021-11-11 16:52:11] Loaded 459 values
[2021-11-11 16:52:11] Backed up config/settings.bin to config/settings_backup.bin (14200 bytes)
[2021-11-11 16:52:14] Saving 459 values; 14200 bytes
[2021-11-11 16:52:31] Loaded 459 values
[2021-11-11 16:52:31] Backed up config/settings.bin to config/settings_backup.bin (14200 bytes)
[2021-11-11 16:52:34] Saving 459 values; 14200 bytes
[2021-11-11 16:53:16] Loaded 459 values
[2021-11-11 16:53:16] Backed up config/settings.bin to config/settings_backup.bin (14200 bytes)
[2021-11-11 16:53:19] Saving 459 values; 14200 bytes
[2021-11-11 16:53:40] Loaded 459 values
[2021-11-11 16:53:40] Backed up config/settings.bin to config/settings_backup.bin (14200 bytes)
[2021-11-11 16:53:43] Saving 459 values; 14200 bytes
[2021-11-11 16:54:05] Loaded 459 values
[2021-11-11 16:54:05] Backed up config/settings.bin to config/settings_backup.bin (14200 bytes)
[2021-11-11 16:54:08] Saving 459 values; 14200 bytes
[2021-12-11 14:34:04] Loaded 459 values
[2021-12-11 14:34:04] Backed up config/settings.bin to config/settings_backup.bin (14200 bytes)
[2021-12-11 14:34:07] Saving 459 values; 14200 bytes
[2021-12-11 14:34:17] Loaded 459 values
[2021-12-11 14:34:17] Backed up config/settings.bin to config/settings_backup.bin (14200 bytes)
[2021-12-11 14:34:22] Saving 459 values; 14200 bytes
[2021-12-11 14:36:14] Loaded 459 values
[2021-12-11 14:36:14] Backed up config/settings.bin to config/settings_backup.bin (14200 bytes)
[2021-12-11 14:36:17] Saving 460 values; 14211 bytes
[2021-12-11 14:36:48] Loaded 460 values
[2021-12-11 14:36:48] Backed up config/settings.bin to config/settings_backup.bin (14211 bytes)
[2021-12-11 14:36:51] Saving 460 values; 14211 bytes
[2021-12-11 14:36:51] Saving 460 values; 14211 bytes
